<?xml version="1.0" encoding="UTF-8"?>
<testsuite xmlns:xsi="http://www.w3.org/2001/XMLSchema-instance" xsi:noNamespaceSchemaLocation="https://maven.apache.org/surefire/maven-surefire-plugin/xsd/surefire-test-report-3.0.xsd" version="3.0" name="ual.hmis.session05.Exercise3Test" time="0" tests="4" errors="0" skipped="0" failures="0">
  <properties>
[...]
</properties>
  <testcase name="testMaskedPasswordLength5and8" classname="ual.hmis.session05.Exercise3Test" time="0"/>
  <testcase name="testMaskedPasswordTooLong" classname="ual.hmis.session05.Exercise3Test" time="0"/>
  <testcase name="testMaskedPasswordLength12and40" classname="ual.hmis.session05.Exercise3Test" time="0"/>
  <testcase name="testMaskedPasswordShort" classname="ual.hmis.session05.Exercise3Test" time="0"/>
</testsuite>